0 info it worked if it ends with ok
1 verbose cli [ '/usr/local/opt/nvm/v0.11.14/bin/node',
1 verbose cli   '/usr/local/opt/nvm/v0.11.14/bin/npm',
1 verbose cli   'install',
1 verbose cli   '--save-dev' ]
2 info using npm@2.0.0
3 info using node@v0.11.14
4 verbose node symlink /usr/local/opt/nvm/v0.11.14/bin/node
5 warn package.json hime@0.0.0 No description
6 warn package.json hime@0.0.0 No repository field.
7 warn package.json hime@0.0.0 No README data
8 verbose readDependencies using package.json deps
9 verbose install where, deps [ '/Users/ntotani/hime/bindings/v8', [] ]
10 info preinstall hime@0.0.0
11 warn package.json nan@2.2.1 No README data
12 verbose readDependencies using package.json deps
13 silly resolved []
14 info build /Users/ntotani/hime/bindings/v8
15 verbose linkStuff [ false, false, false, '/Users/ntotani/hime/bindings' ]
16 info linkStuff hime@0.0.0
17 verbose linkBins hime@0.0.0
18 verbose linkMans hime@0.0.0
19 verbose rebuildBundles hime@0.0.0
20 verbose rebuildBundles [ 'bindings', 'nan' ]
21 verbose rebuild bundle /Users/ntotani/hime/bindings/v8/node_modules/bindings
22 info build /Users/ntotani/hime/bindings/v8/node_modules/bindings
23 info preinstall bindings@1.2.1
24 verbose linkStuff [ false,
24 verbose linkStuff   false,
24 verbose linkStuff   false,
24 verbose linkStuff   '/Users/ntotani/hime/bindings/v8/node_modules' ]
25 info linkStuff bindings@1.2.1
26 verbose linkBins bindings@1.2.1
27 verbose linkMans bindings@1.2.1
28 verbose rebuildBundles bindings@1.2.1
29 info install bindings@1.2.1
30 info postinstall bindings@1.2.1
31 verbose rebuild bundle /Users/ntotani/hime/bindings/v8/node_modules/nan
32 info build /Users/ntotani/hime/bindings/v8/node_modules/nan
33 info preinstall nan@2.2.1
34 verbose linkStuff [ false,
34 verbose linkStuff   false,
34 verbose linkStuff   false,
34 verbose linkStuff   '/Users/ntotani/hime/bindings/v8/node_modules' ]
35 info linkStuff nan@2.2.1
36 verbose linkBins nan@2.2.1
37 verbose linkMans nan@2.2.1
38 verbose rebuildBundles nan@2.2.1
39 info install nan@2.2.1
40 info postinstall nan@2.2.1
41 info install hime@0.0.0
42 verbose unsafe-perm in lifecycle true
43 info hime@0.0.0 Failed to exec install script
44 verbose stack Error: Exit status 1
44 verbose stack     at ChildProcess.<anonymous> (/usr/local/Cellar/nvm/0.17.0/v0.11.14/lib/node_modules/npm/lib/utils/lifecycle.js:212:16)
44 verbose stack     at ChildProcess.emit (events.js:110:17)
44 verbose stack     at maybeClose (child_process.js:1000:16)
44 verbose stack     at Process.ChildProcess._handle.onexit (child_process.js:1072:5)
45 verbose pkgid hime@0.0.0
46 verbose cwd /Users/ntotani/hime/bindings/v8
47 error Darwin 14.5.0
48 error argv "/usr/local/opt/nvm/v0.11.14/bin/node" "/usr/local/opt/nvm/v0.11.14/bin/npm" "install" "--save-dev"
49 error node v0.11.14
50 error npm  v2.0.0
51 error code ELIFECYCLE
52 error hime@0.0.0 install: `node-gyp rebuild`
52 error Exit status 1
53 error Failed at the hime@0.0.0 install script.
53 error This is most likely a problem with the hime package,
53 error not with npm itself.
53 error Tell the author that this fails on your system:
53 error     node-gyp rebuild
53 error You can get their info via:
53 error     npm owner ls hime
53 error There is likely additional logging output above.
54 verbose exit [ 1, true ]
